{
  "RSpec": {
    "coverage": {
      "/Users/student/Projects/bank_tech_test/spec/account_spec.rb": [
        1,
        null,
        1,
        4,
        null,
        1,
        3,
        null,
        null,
        null,
        4,
        null,
        1,
        1,
        1,
        null,
        1,
        null,
        null,
        null,
        1,
        1,
        1,
        null,
        1,
        null,
        null,
        null,
        1,
        1,
        1,
        null,
        1,
        1,
        null,
        null,
        null
      ],
      "/Users/student/Projects/bank_tech_test/lib/account.rb": [
        1,
        null,
        null,
        1,
        1,
        null,
        1,
        null,
        1,
        3,
        3,
        null,
        null,
        1,
        2,
        2,
        2,
        null,
        null,
        1,
        1,
        1,
        1,
        null,
        null,
        1,
        1,
        1,
        1,
        null,
        1,
        null,
        null,
        1,
        null,
        1,
        3,
        null,
        null
      ],
      "/Users/student/Projects/bank_tech_test/lib/entry.rb": [
        null,
        1,
        1,
        null,
        1,
        1,
        1,
        1,
        1,
        null,
        null,
        1,
        1,
        null,
        null,
        1,
        null,
        1,
        1,
        1,
        null,
        null
      ],
      "/Users/student/Projects/bank_tech_test/spec/entry_spec.rb": [
        1,
        null,
        1,
        1,
        1,
        1,
        2,
        null,
        1,
        1,
        null,
        null,
        null
      ]
    },
    "timestamp": 1562001497
  }
}
